<?xml version="1.0" encoding="UTF-8"?>
<!-- Generated by org.testng.reporters.JUnitReportReporter -->
<testsuite skipped="0" hostname="DESKTOP-BNPOKFO" name="Base" tests="1" failures="0" timestamp="2020-07-31T22:12:16 IST" time="11.733" errors="0">
  <testcase name="driver" time="11.733" classname="Base"/>
  <system-out/>
</testsuite> <!-- Base -->
